<?xml version="1.0" encoding="UTF-8"?>
<!-- Generated by org.testng.reporters.JUnitReportReporter -->
<testsuite hostname="DESKTOP-NSGLRTF" failures="0" tests="2" name="com.redbus.BusTicketBookingTest" time="17.930" errors="0" timestamp="2025-07-08T15:09:02 EDT" skipped="0">
  <testcase classname="com.redbus.BusTicketBookingTest" name="testBusBookingWithAlternativeLocators" time="4.422"/>
  <testcase classname="com.redbus.BusTicketBookingTest" name="testBusTicketBooking" time="13.508"/>
</testsuite> <!-- com.redbus.BusTicketBookingTest -->
